<?xml version="1.0" encoding="UTF-8"?>
<!-- Generated by org.testng.reporters.JUnitReportReporter -->
<testsuite skipped="0" hostname="ASDA1573PO02037" name="SendMavenEmail.SendMavenEmail.BasicTest" tests="1" failures="0" timestamp="08 Jul 2019 07:20:53 GMT" time="0.316" errors="0">
  <testcase name="verifysum" time="0.316" classname="SendMavenEmail.SendMavenEmail.BasicTest"/>
</testsuite> <!-- SendMavenEmail.SendMavenEmail.BasicTest -->
